[2019-02-11 14:40:26] SELECT * FROM vehicule
[2019-02-11 14:40:25] SELECT * FROM vehicule WHERE `id_vehicule` = '501'
[2019-02-11 14:40:25] SELECT * FROM vehicule WHERE `id_vehicule` = '501'
[2019-02-11 14:40:25] SELECT * FROM vehicule WHERE `id_vehicule` = '501'
[2019-02-11 14:40:25] SELECT * FROM conducteur WHERE `id_conducteur` = '3'
[2019-02-11 14:40:25] SELECT * FROM conducteur WHERE `id_conducteur` = '3'
[2019-02-11 14:40:25] SELECT * FROM conducteur WHERE `id_conducteur` = '3'
[2019-02-11 14:40:25] SELECT * FROM vehicule WHERE `id_vehicule` = '504'
[2019-02-11 14:40:25] SELECT * FROM vehicule WHERE `id_vehicule` = '504'
[2019-02-11 14:40:25] SELECT * FROM vehicule WHERE `id_vehicule` = '504'
[2019-02-11 14:40:25] SELECT * FROM conducteur WHERE `id_conducteur` = '4'
[2019-02-11 14:40:25] SELECT * FROM conducteur WHERE `id_conducteur` = '4'
[2019-02-11 14:40:25] SELECT * FROM conducteur WHERE `id_conducteur` = '4'
[2019-02-11 14:40:25] SELECT * FROM vehicule WHERE `id_vehicule` = '503'
[2019-02-11 14:40:25] SELECT * FROM vehicule WHERE `id_vehicule` = '503'
[2019-02-11 14:40:25] SELECT * FROM vehicule WHERE `id_vehicule` = '503'
[2019-02-11 14:40:25] SELECT * FROM conducteur WHERE `id_conducteur` = '3'
[2019-02-11 14:40:25] SELECT * FROM conducteur WHERE `id_conducteur` = '3'
[2019-02-11 14:40:25] SELECT * FROM conducteur WHERE `id_conducteur` = '3'
[2019-02-11 14:40:25] SELECT * FROM vehicule WHERE `id_vehicule` = '502'
[2019-02-11 14:40:25] SELECT * FROM vehicule WHERE `id_vehicule` = '502'
[2019-02-11 14:40:25] SELECT * FROM vehicule WHERE `id_vehicule` = '502'
[2019-02-11 14:40:25] SELECT * FROM conducteur WHERE `id_conducteur` = '2'
[2019-02-11 14:40:25] SELECT * FROM conducteur WHERE `id_conducteur` = '2'
[2019-02-11 14:40:25] SELECT * FROM conducteur WHERE `id_conducteur` = '2'
[2019-02-11 14:40:25] SELECT * FROM vehicule WHERE `id_vehicule` = '501'
[2019-02-11 14:40:25] SELECT * FROM vehicule WHERE `id_vehicule` = '501'
[2019-02-11 14:40:25] SELECT * FROM vehicule WHERE `id_vehicule` = '501'
[2019-02-11 14:40:25] SELECT * FROM conducteur WHERE `id_conducteur` = '1'
[2019-02-11 14:40:25] SELECT * FROM conducteur WHERE `id_conducteur` = '1'
[2019-02-11 14:40:25] SELECT * FROM conducteur WHERE `id_conducteur` = '1'
[2019-02-11 14:40:25] SELECT * FROM vehicule
[2019-02-11 14:40:25] SELECT * FROM conducteur
[2019-02-11 14:40:25] SELECT * FROM association_vehicule_conducteur
[2019-02-11 14:40:24] SELECT * FROM conducteur
[2019-02-11 14:40:20] SELECT * FROM vehicule WHERE `id_vehicule` = '501'
[2019-02-11 14:40:20] SELECT * FROM vehicule WHERE `id_vehicule` = '501'
[2019-02-11 14:40:20] SELECT * FROM vehicule WHERE `id_vehicule` = '501'
[2019-02-11 14:40:20] SELECT * FROM conducteur WHERE `id_conducteur` = '3'
[2019-02-11 14:40:20] SELECT * FROM conducteur WHERE `id_conducteur` = '3'
[2019-02-11 14:40:20] SELECT * FROM conducteur WHERE `id_conducteur` = '3'
[2019-02-11 14:40:20] SELECT * FROM vehicule WHERE `id_vehicule` = '504'
[2019-02-11 14:40:20] SELECT * FROM vehicule WHERE `id_vehicule` = '504'
[2019-02-11 14:40:20] SELECT * FROM vehicule WHERE `id_vehicule` = '504'
[2019-02-11 14:40:20] SELECT * FROM conducteur WHERE `id_conducteur` = '4'
[2019-02-11 14:40:20] SELECT * FROM conducteur WHERE `id_conducteur` = '4'
[2019-02-11 14:40:20] SELECT * FROM conducteur WHERE `id_conducteur` = '4'
[2019-02-11 14:40:20] SELECT * FROM vehicule WHERE `id_vehicule` = '503'
[2019-02-11 14:40:20] SELECT * FROM vehicule WHERE `id_vehicule` = '503'
[2019-02-11 14:40:20] SELECT * FROM vehicule WHERE `id_vehicule` = '503'
[2019-02-11 14:40:20] SELECT * FROM conducteur WHERE `id_conducteur` = '3'
[2019-02-11 14:40:20] SELECT * FROM conducteur WHERE `id_conducteur` = '3'
[2019-02-11 14:40:20] SELECT * FROM conducteur WHERE `id_conducteur` = '3'
[2019-02-11 14:40:20] SELECT * FROM vehicule WHERE `id_vehicule` = '502'
[2019-02-11 14:40:20] SELECT * FROM vehicule WHERE `id_vehicule` = '502'
[2019-02-11 14:40:20] SELECT * FROM vehicule WHERE `id_vehicule` = '502'
[2019-02-11 14:40:20] SELECT * FROM conducteur WHERE `id_conducteur` = '2'
[2019-02-11 14:40:20] SELECT * FROM conducteur WHERE `id_conducteur` = '2'
[2019-02-11 14:40:20] SELECT * FROM conducteur WHERE `id_conducteur` = '2'
[2019-02-11 14:40:20] SELECT * FROM vehicule WHERE `id_vehicule` = '501'
[2019-02-11 14:40:20] SELECT * FROM vehicule WHERE `id_vehicule` = '501'
[2019-02-11 14:40:20] SELECT * FROM vehicule WHERE `id_vehicule` = '501'
[2019-02-11 14:40:20] SELECT * FROM conducteur WHERE `id_conducteur` = '1'
[2019-02-11 14:40:20] SELECT * FROM conducteur WHERE `id_conducteur` = '1'
[2019-02-11 14:40:20] SELECT * FROM conducteur WHERE `id_conducteur` = '1'
[2019-02-11 14:40:20] SELECT * FROM vehicule
[2019-02-11 14:40:20] SELECT * FROM conducteur
[2019-02-11 14:40:20] SELECT * FROM association_vehicule_conducteur
[2019-02-11 14:40:20] SELECT * FROM conducteur
[2019-02-11 14:40:12] SELECT * FROM conducteur
[2019-02-11 14:39:45] SELECT * FROM conducteur
[2019-02-11 14:38:26] SELECT * FROM vehicule
[2019-02-11 14:35:59] SELECT * FROM vehicule WHERE `id_vehicule` = '501'
[2019-02-11 14:35:59] SELECT * FROM vehicule WHERE `id_vehicule` = '501'
[2019-02-11 14:35:59] SELECT * FROM vehicule WHERE `id_vehicule` = '501'
[2019-02-11 14:35:59] SELECT * FROM conducteur WHERE `id_conducteur` = '3'
[2019-02-11 14:35:59] SELECT * FROM conducteur WHERE `id_conducteur` = '3'
[2019-02-11 14:35:59] SELECT * FROM conducteur WHERE `id_conducteur` = '3'
[2019-02-11 14:35:59] SELECT * FROM vehicule WHERE `id_vehicule` = '504'
[2019-02-11 14:35:59] SELECT * FROM vehicule WHERE `id_vehicule` = '504'
[2019-02-11 14:35:59] SELECT * FROM vehicule WHERE `id_vehicule` = '504'
[2019-02-11 14:35:59] SELECT * FROM conducteur WHERE `id_conducteur` = '4'
[2019-02-11 14:35:59] SELECT * FROM conducteur WHERE `id_conducteur` = '4'
[2019-02-11 14:35:59] SELECT * FROM conducteur WHERE `id_conducteur` = '4'
[2019-02-11 14:35:59] SELECT * FROM vehicule WHERE `id_vehicule` = '503'
[2019-02-11 14:35:59] SELECT * FROM vehicule WHERE `id_vehicule` = '503'
[2019-02-11 14:35:59] SELECT * FROM vehicule WHERE `id_vehicule` = '503'
[2019-02-11 14:35:59] SELECT * FROM conducteur WHERE `id_conducteur` = '3'
[2019-02-11 14:35:59] SELECT * FROM conducteur WHERE `id_conducteur` = '3'
[2019-02-11 14:35:59] SELECT * FROM conducteur WHERE `id_conducteur` = '3'
[2019-02-11 14:35:59] SELECT * FROM vehicule WHERE `id_vehicule` = '502'
[2019-02-11 14:35:59] SELECT * FROM vehicule WHERE `id_vehicule` = '502'
[2019-02-11 14:35:59] SELECT * FROM vehicule WHERE `id_vehicule` = '502'
[2019-02-11 14:35:59] SELECT * FROM conducteur WHERE `id_conducteur` = '2'
[2019-02-11 14:35:59] SELECT * FROM conducteur WHERE `id_conducteur` = '2'
[2019-02-11 14:35:59] SELECT * FROM conducteur WHERE `id_conducteur` = '2'
[2019-02-11 14:35:59] SELECT * FROM vehicule WHERE `id_vehicule` = '501'
[2019-02-11 14:35:59] SELECT * FROM vehicule WHERE `id_vehicule` = '501'
[2019-02-11 14:35:59] SELECT * FROM vehicule WHERE `id_vehicule` = '501'
[2019-02-11 14:35:59] SELECT * FROM conducteur WHERE `id_conducteur` = '1'
[2019-02-11 14:35:59] SELECT * FROM conducteur WHERE `id_conducteur` = '1'
[2019-02-11 14:35:59] SELECT * FROM conducteur WHERE `id_conducteur` = '1'
[2019-02-11 14:35:59] SELECT * FROM vehicule
[2019-02-11 14:35:59] SELECT * FROM conducteur
[2019-02-11 14:35:59] SELECT * FROM association_vehicule_conducteur
[2019-02-11 14:35:58] SELECT * FROM conducteur
[2019-02-11 14:35:57] SELECT * FROM vehicule WHERE `id_vehicule` = '501'
[2019-02-11 14:35:57] SELECT * FROM vehicule WHERE `id_vehicule` = '501'
[2019-02-11 14:35:57] SELECT * FROM vehicule WHERE `id_vehicule` = '501'
[2019-02-11 14:35:57] SELECT * FROM conducteur WHERE `id_conducteur` = '3'
[2019-02-11 14:35:57] SELECT * FROM conducteur WHERE `id_conducteur` = '3'
[2019-02-11 14:35:57] SELECT * FROM conducteur WHERE `id_conducteur` = '3'
[2019-02-11 14:35:57] SELECT * FROM vehicule WHERE `id_vehicule` = '504'
[2019-02-11 14:35:57] SELECT * FROM vehicule WHERE `id_vehicule` = '504'
[2019-02-11 14:35:57] SELECT * FROM vehicule WHERE `id_vehicule` = '504'
[2019-02-11 14:35:57] SELECT * FROM conducteur WHERE `id_conducteur` = '4'
[2019-02-11 14:35:57] SELECT * FROM conducteur WHERE `id_conducteur` = '4'
[2019-02-11 14:35:57] SELECT * FROM conducteur WHERE `id_conducteur` = '4'
[2019-02-11 14:35:57] SELECT * FROM vehicule WHERE `id_vehicule` = '503'
[2019-02-11 14:35:57] SELECT * FROM vehicule WHERE `id_vehicule` = '503'
[2019-02-11 14:35:57] SELECT * FROM vehicule WHERE `id_vehicule` = '503'
[2019-02-11 14:35:57] SELECT * FROM conducteur WHERE `id_conducteur` = '3'
[2019-02-11 14:35:57] SELECT * FROM conducteur WHERE `id_conducteur` = '3'
[2019-02-11 14:35:57] SELECT * FROM conducteur WHERE `id_conducteur` = '3'
[2019-02-11 14:35:57] SELECT * FROM vehicule WHERE `id_vehicule` = '502'
[2019-02-11 14:35:57] SELECT * FROM vehicule WHERE `id_vehicule` = '502'
[2019-02-11 14:35:57] SELECT * FROM vehicule WHERE `id_vehicule` = '502'
[2019-02-11 14:35:57] SELECT * FROM conducteur WHERE `id_conducteur` = '2'
[2019-02-11 14:35:57] SELECT * FROM conducteur WHERE `id_conducteur` = '2'
[2019-02-11 14:35:57] SELECT * FROM conducteur WHERE `id_conducteur` = '2'
[2019-02-11 14:35:57] SELECT * FROM vehicule WHERE `id_vehicule` = '501'
[2019-02-11 14:35:57] SELECT * FROM vehicule WHERE `id_vehicule` = '501'
[2019-02-11 14:35:57] SELECT * FROM vehicule WHERE `id_vehicule` = '501'
[2019-02-11 14:35:57] SELECT * FROM conducteur WHERE `id_conducteur` = '1'
[2019-02-11 14:35:57] SELECT * FROM conducteur WHERE `id_conducteur` = '1'
[2019-02-11 14:35:57] SELECT * FROM conducteur WHERE `id_conducteur` = '1'
[2019-02-11 14:35:57] SELECT * FROM vehicule
[2019-02-11 14:35:57] SELECT * FROM conducteur
[2019-02-11 14:35:57] SELECT * FROM association_vehicule_conducteur
[2019-02-11 14:35:53] SELECT * FROM conducteur
[2019-02-11 14:35:47] SELECT * FROM conducteur
[2019-02-11 14:34:56] SELECT * FROM conducteur
[2019-02-11 14:33:46] SELECT * FROM vehicule WHERE `id_vehicule` = '501'
[2019-02-11 14:33:46] SELECT * FROM vehicule WHERE `id_vehicule` = '501'
[2019-02-11 14:33:46] SELECT * FROM vehicule WHERE `id_vehicule` = '501'
[2019-02-11 14:33:46] SELECT * FROM conducteur WHERE `id_conducteur` = '3'
[2019-02-11 14:33:46] SELECT * FROM conducteur WHERE `id_conducteur` = '3'
[2019-02-11 14:33:46] SELECT * FROM conducteur WHERE `id_conducteur` = '3'
[2019-02-11 14:33:46] SELECT * FROM vehicule WHERE `id_vehicule` = '504'
[2019-02-11 14:33:46] SELECT * FROM vehicule WHERE `id_vehicule` = '504'
[2019-02-11 14:33:46] SELECT * FROM vehicule WHERE `id_vehicule` = '504'
[2019-02-11 14:33:46] SELECT * FROM conducteur WHERE `id_conducteur` = '4'
[2019-02-11 14:33:46] SELECT * FROM conducteur WHERE `id_conducteur` = '4'
[2019-02-11 14:33:46] SELECT * FROM conducteur WHERE `id_conducteur` = '4'
[2019-02-11 14:33:46] SELECT * FROM vehicule WHERE `id_vehicule` = '503'
[2019-02-11 14:33:46] SELECT * FROM vehicule WHERE `id_vehicule` = '503'
[2019-02-11 14:33:46] SELECT * FROM vehicule WHERE `id_vehicule` = '503'
[2019-02-11 14:33:46] SELECT * FROM conducteur WHERE `id_conducteur` = '3'
[2019-02-11 14:33:46] SELECT * FROM conducteur WHERE `id_conducteur` = '3'
[2019-02-11 14:33:46] SELECT * FROM conducteur WHERE `id_conducteur` = '3'
[2019-02-11 14:33:46] SELECT * FROM vehicule WHERE `id_vehicule` = '502'
[2019-02-11 14:33:46] SELECT * FROM vehicule WHERE `id_vehicule` = '502'
[2019-02-11 14:33:46] SELECT * FROM vehicule WHERE `id_vehicule` = '502'
[2019-02-11 14:33:46] SELECT * FROM conducteur WHERE `id_conducteur` = '2'
[2019-02-11 14:33:46] SELECT * FROM conducteur WHERE `id_conducteur` = '2'
[2019-02-11 14:33:46] SELECT * FROM conducteur WHERE `id_conducteur` = '2'
[2019-02-11 14:33:46] SELECT * FROM vehicule WHERE `id_vehicule` = '501'
[2019-02-11 14:33:46] SELECT * FROM vehicule WHERE `id_vehicule` = '501'
[2019-02-11 14:33:46] SELECT * FROM vehicule WHERE `id_vehicule` = '501'
[2019-02-11 14:33:46] SELECT * FROM conducteur WHERE `id_conducteur` = '1'
[2019-02-11 14:33:46] SELECT * FROM conducteur WHERE `id_conducteur` = '1'
[2019-02-11 14:33:46] SELECT * FROM conducteur WHERE `id_conducteur` = '1'
[2019-02-11 14:33:46] SELECT * FROM vehicule
[2019-02-11 14:33:46] SELECT * FROM conducteur
[2019-02-11 14:33:46] SELECT * FROM association_vehicule_conducteur
[2019-02-11 14:33:26] SELECT * FROM vehicule WHERE `id_vehicule` = '501'
[2019-02-11 14:33:26] SELECT * FROM vehicule WHERE `id_vehicule` = '501'
[2019-02-11 14:33:26] SELECT * FROM vehicule WHERE `id_vehicule` = '501'
[2019-02-11 14:33:26] SELECT * FROM conducteur WHERE `id_conducteur` = '3'
[2019-02-11 14:33:26] SELECT * FROM conducteur WHERE `id_conducteur` = '3'
[2019-02-11 14:33:26] SELECT * FROM conducteur WHERE `id_conducteur` = '3'
[2019-02-11 14:33:26] SELECT * FROM vehicule WHERE `id_vehicule` = '504'
[2019-02-11 14:33:26] SELECT * FROM vehicule WHERE `id_vehicule` = '504'
[2019-02-11 14:33:26] SELECT * FROM vehicule WHERE `id_vehicule` = '504'
[2019-02-11 14:33:26] SELECT * FROM conducteur WHERE `id_conducteur` = '4'
[2019-02-11 14:33:26] SELECT * FROM conducteur WHERE `id_conducteur` = '4'
[2019-02-11 14:33:25] SELECT * FROM conducteur WHERE `id_conducteur` = '4'
[2019-02-11 14:33:25] SELECT * FROM vehicule WHERE `id_vehicule` = '503'
[2019-02-11 14:33:25] SELECT * FROM vehicule WHERE `id_vehicule` = '503'
[2019-02-11 14:33:25] SELECT * FROM vehicule WHERE `id_vehicule` = '503'
[2019-02-11 14:33:25] SELECT * FROM conducteur WHERE `id_conducteur` = '3'
[2019-02-11 14:33:25] SELECT * FROM conducteur WHERE `id_conducteur` = '3'
[2019-02-11 14:33:25] SELECT * FROM conducteur WHERE `id_conducteur` = '3'
[2019-02-11 14:33:25] SELECT * FROM vehicule WHERE `id_vehicule` = '502'
[2019-02-11 14:33:25] SELECT * FROM vehicule WHERE `id_vehicule` = '502'
[2019-02-11 14:33:25] SELECT * FROM vehicule WHERE `id_vehicule` = '502'
[2019-02-11 14:33:25] SELECT * FROM conducteur WHERE `id_conducteur` = '2'
[2019-02-11 14:33:25] SELECT * FROM conducteur WHERE `id_conducteur` = '2'
[2019-02-11 14:33:25] SELECT * FROM conducteur WHERE `id_conducteur` = '2'
[2019-02-11 14:33:25] SELECT * FROM vehicule WHERE `id_vehicule` = '501'
[2019-02-11 14:33:25] SELECT * FROM vehicule WHERE `id_vehicule` = '501'
[2019-02-11 14:33:25] SELECT * FROM vehicule WHERE `id_vehicule` = '501'
[2019-02-11 14:33:25] SELECT * FROM conducteur WHERE `id_conducteur` = '1'
[2019-02-11 14:33:25] SELECT * FROM conducteur WHERE `id_conducteur` = '1'
[2019-02-11 14:33:25] SELECT * FROM conducteur WHERE `id_conducteur` = '1'
[2019-02-11 14:33:25] SELECT * FROM vehicule
[2019-02-11 14:33:25] SELECT * FROM conducteur
[2019-02-11 14:33:25] SELECT * FROM association_vehicule_conducteur
[2019-02-11 14:30:44] SELECT * FROM vehicule WHERE `id_vehicule` = '501'
[2019-02-11 14:30:44] SELECT * FROM vehicule WHERE `id_vehicule` = '501'
[2019-02-11 14:30:44] SELECT * FROM vehicule WHERE `id_vehicule` = '501'
[2019-02-11 14:30:44] SELECT * FROM conducteur WHERE `id_conducteur` = '3'
[2019-02-11 14:30:44] SELECT * FROM conducteur WHERE `id_conducteur` = '3'
[2019-02-11 14:30:44] SELECT * FROM conducteur WHERE `id_conducteur` = '3'
[2019-02-11 14:30:44] SELECT * FROM vehicule WHERE `id_vehicule` = '504'
[2019-02-11 14:30:44] SELECT * FROM vehicule WHERE `id_vehicule` = '504'
[2019-02-11 14:30:44] SELECT * FROM vehicule WHERE `id_vehicule` = '504'
[2019-02-11 14:30:44] SELECT * FROM conducteur WHERE `id_conducteur` = '4'
[2019-02-11 14:30:44] SELECT * FROM conducteur WHERE `id_conducteur` = '4'
[2019-02-11 14:30:44] SELECT * FROM conducteur WHERE `id_conducteur` = '4'
[2019-02-11 14:30:44] SELECT * FROM vehicule WHERE `id_vehicule` = '503'
[2019-02-11 14:30:44] SELECT * FROM vehicule WHERE `id_vehicule` = '503'
[2019-02-11 14:30:44] SELECT * FROM vehicule WHERE `id_vehicule` = '503'
[2019-02-11 14:30:44] SELECT * FROM conducteur WHERE `id_conducteur` = '3'
[2019-02-11 14:30:44] SELECT * FROM conducteur WHERE `id_conducteur` = '3'
[2019-02-11 14:30:44] SELECT * FROM conducteur WHERE `id_conducteur` = '3'
[2019-02-11 14:30:44] SELECT * FROM vehicule WHERE `id_vehicule` = '502'
[2019-02-11 14:30:44] SELECT * FROM vehicule WHERE `id_vehicule` = '502'
[2019-02-11 14:30:44] SELECT * FROM vehicule WHERE `id_vehicule` = '502'
[2019-02-11 14:30:44] SELECT * FROM conducteur WHERE `id_conducteur` = '2'
[2019-02-11 14:30:44] SELECT * FROM conducteur WHERE `id_conducteur` = '2'
[2019-02-11 14:30:44] SELECT * FROM conducteur WHERE `id_conducteur` = '2'
[2019-02-11 14:30:44] SELECT * FROM vehicule WHERE `id_vehicule` = '501'
[2019-02-11 14:30:44] SELECT * FROM vehicule WHERE `id_vehicule` = '501'
[2019-02-11 14:30:44] SELECT * FROM vehicule WHERE `id_vehicule` = '501'
[2019-02-11 14:30:44] SELECT * FROM conducteur WHERE `id_conducteur` = '1'
[2019-02-11 14:30:44] SELECT * FROM conducteur WHERE `id_conducteur` = '1'
[2019-02-11 14:30:44] SELECT * FROM conducteur WHERE `id_conducteur` = '1'
[2019-02-11 14:30:44] SELECT * FROM association_vehicule_conducteur
[2019-02-11 14:29:59] SELECT * FROM vehicule WHERE `id_vehicule` = '501'
[2019-02-11 14:29:59] SELECT * FROM vehicule WHERE `id_vehicule` = '501'
[2019-02-11 14:29:59] SELECT * FROM vehicule WHERE `id_vehicule` = '501'
[2019-02-11 14:29:59] SELECT * FROM conducteur WHERE `id_conducteur` = '3'
[2019-02-11 14:29:59] SELECT * FROM conducteur WHERE `id_conducteur` = '3'
[2019-02-11 14:29:59] SELECT * FROM conducteur WHERE `id_conducteur` = '3'
[2019-02-11 14:29:59] SELECT * FROM vehicule WHERE `id_vehicule` = '504'
[2019-02-11 14:29:59] SELECT * FROM vehicule WHERE `id_vehicule` = '504'
[2019-02-11 14:29:59] SELECT * FROM vehicule WHERE `id_vehicule` = '504'
[2019-02-11 14:29:59] SELECT * FROM conducteur WHERE `id_conducteur` = '4'
[2019-02-11 14:29:59] SELECT * FROM conducteur WHERE `id_conducteur` = '4'
[2019-02-11 14:29:59] SELECT * FROM conducteur WHERE `id_conducteur` = '4'
[2019-02-11 14:29:59] SELECT * FROM vehicule WHERE `id_vehicule` = '503'
[2019-02-11 14:29:59] SELECT * FROM vehicule WHERE `id_vehicule` = '503'
[2019-02-11 14:29:59] SELECT * FROM vehicule WHERE `id_vehicule` = '503'
[2019-02-11 14:29:59] SELECT * FROM conducteur WHERE `id_conducteur` = '3'
[2019-02-11 14:29:59] SELECT * FROM conducteur WHERE `id_conducteur` = '3'
[2019-02-11 14:29:59] SELECT * FROM conducteur WHERE `id_conducteur` = '3'
[2019-02-11 14:29:59] SELECT * FROM vehicule WHERE `id_vehicule` = '502'
[2019-02-11 14:29:59] SELECT * FROM vehicule WHERE `id_vehicule` = '502'
[2019-02-11 14:29:59] SELECT * FROM vehicule WHERE `id_vehicule` = '502'
[2019-02-11 14:29:59] SELECT * FROM conducteur WHERE `id_conducteur` = '2'
[2019-02-11 14:29:59] SELECT * FROM conducteur WHERE `id_conducteur` = '2'
[2019-02-11 14:29:59] SELECT * FROM conducteur WHERE `id_conducteur` = '2'
[2019-02-11 14:29:59] SELECT * FROM vehicule WHERE `id_vehicule` = '501'
[2019-02-11 14:29:59] SELECT * FROM vehicule WHERE `id_vehicule` = '501'
[2019-02-11 14:29:59] SELECT * FROM vehicule WHERE `id_vehicule` = '501'
[2019-02-11 14:29:59] SELECT * FROM conducteur WHERE `id_conducteur` = '1'
[2019-02-11 14:29:59] SELECT * FROM conducteur WHERE `id_conducteur` = '1'
[2019-02-11 14:29:59] SELECT * FROM conducteur WHERE `id_conducteur` = '1'
[2019-02-11 14:29:59] SELECT * FROM association_vehicule_conducteur
[2019-02-11 14:29:52] SELECT * FROM vehicule WHERE `id_vehicule` = '501'
[2019-02-11 14:29:52] SELECT * FROM vehicule WHERE `id_vehicule` = '501'
[2019-02-11 14:29:52] SELECT * FROM vehicule WHERE `id_vehicule` = '501'
[2019-02-11 14:29:52] SELECT * FROM conducteur WHERE `id_conducteur` = '3'
[2019-02-11 14:29:52] SELECT * FROM conducteur WHERE `id_conducteur` = '3'
[2019-02-11 14:29:52] SELECT * FROM conducteur WHERE `id_conducteur` = '3'
[2019-02-11 14:29:52] SELECT * FROM vehicule WHERE `id_vehicule` = '504'
[2019-02-11 14:29:52] SELECT * FROM vehicule WHERE `id_vehicule` = '504'
[2019-02-11 14:29:52] SELECT * FROM vehicule WHERE `id_vehicule` = '504'
[2019-02-11 14:29:52] SELECT * FROM conducteur WHERE `id_conducteur` = '4'
[2019-02-11 14:29:52] SELECT * FROM conducteur WHERE `id_conducteur` = '4'
[2019-02-11 14:29:52] SELECT * FROM conducteur WHERE `id_conducteur` = '4'
[2019-02-11 14:29:52] SELECT * FROM vehicule WHERE `id_vehicule` = '503'
[2019-02-11 14:29:52] SELECT * FROM vehicule WHERE `id_vehicule` = '503'
[2019-02-11 14:29:52] SELECT * FROM vehicule WHERE `id_vehicule` = '503'
[2019-02-11 14:29:52] SELECT * FROM conducteur WHERE `id_conducteur` = '3'
[2019-02-11 14:29:52] SELECT * FROM conducteur WHERE `id_conducteur` = '3'
[2019-02-11 14:29:52] SELECT * FROM conducteur WHERE `id_conducteur` = '3'
[2019-02-11 14:29:52] SELECT * FROM vehicule WHERE `id_vehicule` = '502'
[2019-02-11 14:29:52] SELECT * FROM vehicule WHERE `id_vehicule` = '502'
[2019-02-11 14:29:52] SELECT * FROM vehicule WHERE `id_vehicule` = '502'
[2019-02-11 14:29:52] SELECT * FROM conducteur WHERE `id_conducteur` = '2'
[2019-02-11 14:29:52] SELECT * FROM conducteur WHERE `id_conducteur` = '2'
[2019-02-11 14:29:52] SELECT * FROM conducteur WHERE `id_conducteur` = '2'
[2019-02-11 14:29:52] SELECT * FROM vehicule WHERE `id_vehicule` = '501'
[2019-02-11 14:29:52] SELECT * FROM vehicule WHERE `id_vehicule` = '501'
[2019-02-11 14:29:52] SELECT * FROM vehicule WHERE `id_vehicule` = '501'
[2019-02-11 14:29:52] SELECT * FROM conducteur WHERE `id_conducteur` = '1'
[2019-02-11 14:29:52] SELECT * FROM conducteur WHERE `id_conducteur` = '1'
[2019-02-11 14:29:52] SELECT * FROM conducteur WHERE `id_conducteur` = '1'
[2019-02-11 14:29:52] SELECT * FROM association_vehicule_conducteur
[2019-02-11 14:28:19] SELECT * FROM vehicule WHERE `id_vehicule` = '501'
[2019-02-11 14:28:19] SELECT * FROM vehicule WHERE `id_vehicule` = '501'
[2019-02-11 14:28:19] SELECT * FROM vehicule WHERE `id_vehicule` = '501'
[2019-02-11 14:28:19] SELECT * FROM conducteur WHERE `id_conducteur` = '3'
[2019-02-11 14:28:19] SELECT * FROM conducteur WHERE `id_conducteur` = '3'
[2019-02-11 14:28:19] SELECT * FROM conducteur WHERE `id_conducteur` = '3'
[2019-02-11 14:28:19] SELECT * FROM vehicule WHERE `id_vehicule` = '504'
[2019-02-11 14:28:19] SELECT * FROM vehicule WHERE `id_vehicule` = '504'
[2019-02-11 14:28:19] SELECT * FROM vehicule WHERE `id_vehicule` = '504'
[2019-02-11 14:28:19] SELECT * FROM conducteur WHERE `id_conducteur` = '4'
[2019-02-11 14:28:19] SELECT * FROM conducteur WHERE `id_conducteur` = '4'
[2019-02-11 14:28:19] SELECT * FROM conducteur WHERE `id_conducteur` = '4'
[2019-02-11 14:28:19] SELECT * FROM vehicule WHERE `id_vehicule` = '503'
[2019-02-11 14:28:19] SELECT * FROM vehicule WHERE `id_vehicule` = '503'
[2019-02-11 14:28:19] SELECT * FROM vehicule WHERE `id_vehicule` = '503'
[2019-02-11 14:28:19] SELECT * FROM conducteur WHERE `id_conducteur` = '3'
[2019-02-11 14:28:19] SELECT * FROM conducteur WHERE `id_conducteur` = '3'
[2019-02-11 14:28:19] SELECT * FROM conducteur WHERE `id_conducteur` = '3'
[2019-02-11 14:28:19] SELECT * FROM vehicule WHERE `id_vehicule` = '502'
[2019-02-11 14:28:19] SELECT * FROM vehicule WHERE `id_vehicule` = '502'
[2019-02-11 14:28:19] SELECT * FROM vehicule WHERE `id_vehicule` = '502'
[2019-02-11 14:28:19] SELECT * FROM conducteur WHERE `id_conducteur` = '2'
[2019-02-11 14:28:19] SELECT * FROM conducteur WHERE `id_conducteur` = '2'
[2019-02-11 14:28:19] SELECT * FROM conducteur WHERE `id_conducteur` = '2'
[2019-02-11 14:28:19] SELECT * FROM vehicule WHERE `id_vehicule` = '501'
[2019-02-11 14:28:19] SELECT * FROM vehicule WHERE `id_vehicule` = '501'
[2019-02-11 14:28:19] SELECT * FROM vehicule WHERE `id_vehicule` = '501'
[2019-02-11 14:28:19] SELECT * FROM conducteur WHERE `id_conducteur` = '1'
[2019-02-11 14:28:19] SELECT * FROM conducteur WHERE `id_conducteur` = '1'
[2019-02-11 14:28:19] SELECT * FROM conducteur WHERE `id_conducteur` = '1'
[2019-02-11 14:28:19] SELECT * FROM association_vehicule_conducteur
[2019-02-11 14:28:08] SELECT * FROM vehicule WHERE `id_vehicule` = '501'
[2019-02-11 14:28:08] SELECT * FROM vehicule WHERE `id_vehicule` = '501'
[2019-02-11 14:28:08] SELECT * FROM vehicule WHERE `id_vehicule` = '501'
[2019-02-11 14:28:08] SELECT * FROM conducteur WHERE `id_conducteur` = '3'
[2019-02-11 14:28:08] SELECT * FROM conducteur WHERE `id_conducteur` = '3'
[2019-02-11 14:28:08] SELECT * FROM conducteur WHERE `id_conducteur` = '3'
[2019-02-11 14:28:08] SELECT * FROM vehicule WHERE `id_vehicule` = '504'
[2019-02-11 14:28:08] SELECT * FROM vehicule WHERE `id_vehicule` = '504'
[2019-02-11 14:28:08] SELECT * FROM vehicule WHERE `id_vehicule` = '504'
[2019-02-11 14:28:08] SELECT * FROM conducteur WHERE `id_conducteur` = '4'
[2019-02-11 14:28:08] SELECT * FROM conducteur WHERE `id_conducteur` = '4'
[2019-02-11 14:28:08] SELECT * FROM conducteur WHERE `id_conducteur` = '4'
[2019-02-11 14:28:08] SELECT * FROM vehicule WHERE `id_vehicule` = '503'
[2019-02-11 14:28:08] SELECT * FROM vehicule WHERE `id_vehicule` = '503'
[2019-02-11 14:28:08] SELECT * FROM vehicule WHERE `id_vehicule` = '503'
[2019-02-11 14:28:08] SELECT * FROM conducteur WHERE `id_conducteur` = '3'
[2019-02-11 14:28:08] SELECT * FROM conducteur WHERE `id_conducteur` = '3'
[2019-02-11 14:28:08] SELECT * FROM conducteur WHERE `id_conducteur` = '3'
[2019-02-11 14:28:08] SELECT * FROM vehicule WHERE `id_vehicule` = '502'
[2019-02-11 14:28:08] SELECT * FROM vehicule WHERE `id_vehicule` = '502'
[2019-02-11 14:28:08] SELECT * FROM vehicule WHERE `id_vehicule` = '502'
[2019-02-11 14:28:08] SELECT * FROM conducteur WHERE `id_conducteur` = '2'
[2019-02-11 14:28:08] SELECT * FROM conducteur WHERE `id_conducteur` = '2'
[2019-02-11 14:28:08] SELECT * FROM conducteur WHERE `id_conducteur` = '2'
[2019-02-11 14:28:08] SELECT * FROM vehicule WHERE `id_vehicule` = '501'
[2019-02-11 14:28:08] SELECT * FROM vehicule WHERE `id_vehicule` = '501'
[2019-02-11 14:28:08] SELECT * FROM vehicule WHERE `id_vehicule` = '501'
[2019-02-11 14:28:08] SELECT * FROM conducteur WHERE `id_conducteur` = '1'
[2019-02-11 14:28:08] SELECT * FROM conducteur WHERE `id_conducteur` = '1'
[2019-02-11 14:28:08] SELECT * FROM conducteur WHERE `id_conducteur` = '1'
[2019-02-11 14:28:08] SELECT * FROM association_vehicule_conducteur
[2019-02-11 14:28:05] SELECT * FROM vehicule WHERE `id_vehicule` = '501'
[2019-02-11 14:28:05] SELECT * FROM vehicule WHERE `id_vehicule` = '501'
[2019-02-11 14:28:05] SELECT * FROM vehicule WHERE `id_vehicule` = '501'
[2019-02-11 14:28:05] SELECT * FROM conducteur WHERE `id_conducteur` = '3'
[2019-02-11 14:28:05] SELECT * FROM conducteur WHERE `id_conducteur` = '3'
[2019-02-11 14:28:05] SELECT * FROM conducteur WHERE `id_conducteur` = '3'
[2019-02-11 14:28:05] SELECT * FROM vehicule WHERE `id_vehicule` = '504'
[2019-02-11 14:28:05] SELECT * FROM vehicule WHERE `id_vehicule` = '504'
[2019-02-11 14:28:05] SELECT * FROM vehicule WHERE `id_vehicule` = '504'
[2019-02-11 14:28:05] SELECT * FROM conducteur WHERE `id_conducteur` = '4'
[2019-02-11 14:28:05] SELECT * FROM conducteur WHERE `id_conducteur` = '4'
[2019-02-11 14:28:05] SELECT * FROM conducteur WHERE `id_conducteur` = '4'
[2019-02-11 14:28:05] SELECT * FROM vehicule WHERE `id_vehicule` = '503'
[2019-02-11 14:28:05] SELECT * FROM vehicule WHERE `id_vehicule` = '503'
[2019-02-11 14:28:05] SELECT * FROM vehicule WHERE `id_vehicule` = '503'
[2019-02-11 14:28:05] SELECT * FROM conducteur WHERE `id_conducteur` = '3'
[2019-02-11 14:28:05] SELECT * FROM conducteur WHERE `id_conducteur` = '3'
[2019-02-11 14:28:05] SELECT * FROM conducteur WHERE `id_conducteur` = '3'
[2019-02-11 14:28:05] SELECT * FROM vehicule WHERE `id_vehicule` = '502'
[2019-02-11 14:28:05] SELECT * FROM vehicule WHERE `id_vehicule` = '502'
[2019-02-11 14:28:05] SELECT * FROM vehicule WHERE `id_vehicule` = '502'
[2019-02-11 14:28:05] SELECT * FROM conducteur WHERE `id_conducteur` = '2'
[2019-02-11 14:28:05] SELECT * FROM conducteur WHERE `id_conducteur` = '2'
[2019-02-11 14:28:05] SELECT * FROM conducteur WHERE `id_conducteur` = '2'
[2019-02-11 14:28:05] SELECT * FROM vehicule WHERE `id_vehicule` = '501'
[2019-02-11 14:28:05] SELECT * FROM vehicule WHERE `id_vehicule` = '501'
[2019-02-11 14:28:05] SELECT * FROM vehicule WHERE `id_vehicule` = '501'
[2019-02-11 14:28:05] SELECT * FROM conducteur WHERE `id_conducteur` = '1'
[2019-02-11 14:28:05] SELECT * FROM conducteur WHERE `id_conducteur` = '1'
[2019-02-11 14:28:05] SELECT * FROM conducteur WHERE `id_conducteur` = '1'
[2019-02-11 14:28:05] SELECT * FROM association_vehicule_conducteur
[2019-02-11 14:27:56] SELECT * FROM vehicule WHERE `id_vehicule` = '501'
[2019-02-11 14:27:56] SELECT * FROM vehicule WHERE `id_vehicule` = '501'
[2019-02-11 14:27:56] SELECT * FROM vehicule WHERE `id_vehicule` = '501'
[2019-02-11 14:27:56] SELECT * FROM conducteur WHERE `id_conducteur` = '3'
[2019-02-11 14:27:56] SELECT * FROM conducteur WHERE `id_conducteur` = '3'
[2019-02-11 14:27:56] SELECT * FROM conducteur WHERE `id_conducteur` = '3'
[2019-02-11 14:27:56] SELECT * FROM vehicule WHERE `id_vehicule` = '504'
[2019-02-11 14:27:56] SELECT * FROM vehicule WHERE `id_vehicule` = '504'
[2019-02-11 14:27:56] SELECT * FROM vehicule WHERE `id_vehicule` = '504'
[2019-02-11 14:27:56] SELECT * FROM conducteur WHERE `id_conducteur` = '4'
[2019-02-11 14:27:56] SELECT * FROM conducteur WHERE `id_conducteur` = '4'
[2019-02-11 14:27:56] SELECT * FROM conducteur WHERE `id_conducteur` = '4'
[2019-02-11 14:27:56] SELECT * FROM vehicule WHERE `id_vehicule` = '503'
[2019-02-11 14:27:56] SELECT * FROM vehicule WHERE `id_vehicule` = '503'
[2019-02-11 14:27:56] SELECT * FROM vehicule WHERE `id_vehicule` = '503'
[2019-02-11 14:27:56] SELECT * FROM conducteur WHERE `id_conducteur` = '3'
[2019-02-11 14:27:56] SELECT * FROM conducteur WHERE `id_conducteur` = '3'
[2019-02-11 14:27:56] SELECT * FROM conducteur WHERE `id_conducteur` = '3'
[2019-02-11 14:27:56] SELECT * FROM vehicule WHERE `id_vehicule` = '502'
[2019-02-11 14:27:56] SELECT * FROM vehicule WHERE `id_vehicule` = '502'
[2019-02-11 14:27:56] SELECT * FROM vehicule WHERE `id_vehicule` = '502'
[2019-02-11 14:27:56] SELECT * FROM conducteur WHERE `id_conducteur` = '2'
[2019-02-11 14:27:56] SELECT * FROM conducteur WHERE `id_conducteur` = '2'
[2019-02-11 14:27:56] SELECT * FROM conducteur WHERE `id_conducteur` = '2'
[2019-02-11 14:27:56] SELECT * FROM vehicule WHERE `id_vehicule` = '501'
[2019-02-11 14:27:56] SELECT * FROM vehicule WHERE `id_vehicule` = '501'
[2019-02-11 14:27:56] SELECT * FROM vehicule WHERE `id_vehicule` = '501'
[2019-02-11 14:27:56] SELECT * FROM conducteur WHERE `id_conducteur` = '1'
[2019-02-11 14:27:56] SELECT * FROM conducteur WHERE `id_conducteur` = '1'
[2019-02-11 14:27:56] SELECT * FROM conducteur WHERE `id_conducteur` = '1'
[2019-02-11 14:27:56] SELECT * FROM association_vehicule_conducteur
[2019-02-11 14:27:36] SELECT * FROM vehicule WHERE `id_vehicule` = '501'
[2019-02-11 14:27:36] SELECT * FROM vehicule WHERE `id_vehicule` = '501'
[2019-02-11 14:27:36] SELECT * FROM vehicule WHERE `id_vehicule` = '501'
[2019-02-11 14:27:36] SELECT * FROM conducteur WHERE `id_conducteur` = '3'
[2019-02-11 14:27:36] SELECT * FROM conducteur WHERE `id_conducteur` = '3'
[2019-02-11 14:27:36] SELECT * FROM conducteur WHERE `id_conducteur` = '3'
[2019-02-11 14:27:36] SELECT * FROM vehicule WHERE `id_vehicule` = '504'
[2019-02-11 14:27:36] SELECT * FROM vehicule WHERE `id_vehicule` = '504'
[2019-02-11 14:27:36] SELECT * FROM vehicule WHERE `id_vehicule` = '504'
[2019-02-11 14:27:36] SELECT * FROM conducteur WHERE `id_conducteur` = '4'
[2019-02-11 14:27:36] SELECT * FROM conducteur WHERE `id_conducteur` = '4'
[2019-02-11 14:27:36] SELECT * FROM conducteur WHERE `id_conducteur` = '4'
[2019-02-11 14:27:36] SELECT * FROM vehicule WHERE `id_vehicule` = '503'
[2019-02-11 14:27:36] SELECT * FROM vehicule WHERE `id_vehicule` = '503'
[2019-02-11 14:27:36] SELECT * FROM vehicule WHERE `id_vehicule` = '503'
[2019-02-11 14:27:36] SELECT * FROM conducteur WHERE `id_conducteur` = '3'
[2019-02-11 14:27:36] SELECT * FROM conducteur WHERE `id_conducteur` = '3'
[2019-02-11 14:27:36] SELECT * FROM conducteur WHERE `id_conducteur` = '3'
[2019-02-11 14:27:36] SELECT * FROM vehicule WHERE `id_vehicule` = '502'
[2019-02-11 14:27:36] SELECT * FROM vehicule WHERE `id_vehicule` = '502'
[2019-02-11 14:27:36] SELECT * FROM vehicule WHERE `id_vehicule` = '502'
[2019-02-11 14:27:36] SELECT * FROM conducteur WHERE `id_conducteur` = '2'
[2019-02-11 14:27:36] SELECT * FROM conducteur WHERE `id_conducteur` = '2'
[2019-02-11 14:27:36] SELECT * FROM conducteur WHERE `id_conducteur` = '2'
[2019-02-11 14:27:36] SELECT * FROM vehicule WHERE `id_vehicule` = '501'
[2019-02-11 14:27:36] SELECT * FROM vehicule WHERE `id_vehicule` = '501'
[2019-02-11 14:27:36] SELECT * FROM vehicule WHERE `id_vehicule` = '501'
[2019-02-11 14:27:36] SELECT * FROM conducteur WHERE `id_conducteur` = '1'
[2019-02-11 14:27:36] SELECT * FROM conducteur WHERE `id_conducteur` = '1'
[2019-02-11 14:27:36] SELECT * FROM conducteur WHERE `id_conducteur` = '1'
[2019-02-11 14:27:36] SELECT * FROM association_vehicule_conducteur
[2019-02-11 14:27:28] SELECT * FROM vehicule WHERE `id_vehicule` = '501'
[2019-02-11 14:27:28] SELECT * FROM vehicule WHERE `id_vehicule` = '501'
[2019-02-11 14:27:28] SELECT * FROM vehicule WHERE `id_vehicule` = '501'
[2019-02-11 14:27:28] SELECT * FROM conducteur WHERE `id_conducteur` = '3'
[2019-02-11 14:27:28] SELECT * FROM conducteur WHERE `id_conducteur` = '3'
[2019-02-11 14:27:28] SELECT * FROM conducteur WHERE `id_conducteur` = '3'
[2019-02-11 14:27:28] SELECT * FROM vehicule WHERE `id_vehicule` = '504'
[2019-02-11 14:27:28] SELECT * FROM vehicule WHERE `id_vehicule` = '504'
[2019-02-11 14:27:28] SELECT * FROM vehicule WHERE `id_vehicule` = '504'
[2019-02-11 14:27:28] SELECT * FROM conducteur WHERE `id_conducteur` = '4'
[2019-02-11 14:27:28] SELECT * FROM conducteur WHERE `id_conducteur` = '4'
[2019-02-11 14:27:28] SELECT * FROM conducteur WHERE `id_conducteur` = '4'
[2019-02-11 14:27:28] SELECT * FROM vehicule WHERE `id_vehicule` = '503'
[2019-02-11 14:27:28] SELECT * FROM vehicule WHERE `id_vehicule` = '503'
[2019-02-11 14:27:28] SELECT * FROM vehicule WHERE `id_vehicule` = '503'
[2019-02-11 14:27:28] SELECT * FROM conducteur WHERE `id_conducteur` = '3'
[2019-02-11 14:27:28] SELECT * FROM conducteur WHERE `id_conducteur` = '3'
[2019-02-11 14:27:28] SELECT * FROM conducteur WHERE `id_conducteur` = '3'
[2019-02-11 14:27:28] SELECT * FROM vehicule WHERE `id_vehicule` = '502'
[2019-02-11 14:27:28] SELECT * FROM vehicule WHERE `id_vehicule` = '502'
[2019-02-11 14:27:28] SELECT * FROM vehicule WHERE `id_vehicule` = '502'
[2019-02-11 14:27:28] SELECT * FROM conducteur WHERE `id_conducteur` = '2'
[2019-02-11 14:27:28] SELECT * FROM conducteur WHERE `id_conducteur` = '2'
[2019-02-11 14:27:28] SELECT * FROM conducteur WHERE `id_conducteur` = '2'
[2019-02-11 14:27:28] SELECT * FROM vehicule WHERE `id_vehicule` = '501'
[2019-02-11 14:27:28] SELECT * FROM vehicule WHERE `id_vehicule` = '501'
[2019-02-11 14:27:28] SELECT * FROM vehicule WHERE `id_vehicule` = '501'
[2019-02-11 14:27:28] SELECT * FROM conducteur WHERE `id_conducteur` = '1'
[2019-02-11 14:27:28] SELECT * FROM conducteur WHERE `id_conducteur` = '1'
[2019-02-11 14:27:28] SELECT * FROM conducteur WHERE `id_conducteur` = '1'
[2019-02-11 14:27:28] SELECT * FROM association_vehicule_conducteur
[2019-02-11 14:22:16] SELECT * FROM association_vehicule_conducteur
[2019-02-11 14:22:15] SELECT * FROM conducteur
[2019-02-11 14:22:13] SELECT * FROM vehicule
[2019-02-11 14:21:57] SELECT * FROM association_vehicule_conducteur
[2019-02-11 14:21:56] SELECT * FROM conducteur
[2019-02-11 14:18:43] SELECT * FROM conducteur WHERE `id_conducteur` = '3'
[2019-02-11 14:18:37] SELECT * FROM conducteur
[2019-02-11 14:15:25] SELECT * FROM conducteur
[2019-02-11 14:12:50] SELECT * FROM association_vehicule_conducteur
[2019-02-11 14:12:27] SELECT * FROM association_vehicule_conducteur
[2019-02-11 14:12:21] SELECT * FROM association_vehicule_conducteur
[2019-02-11 14:12:01] SELECT * FROM association_vehicule_conducteur
[2019-02-11 14:11:33] SELECT * FROM association_vehicule_conducteur
[2019-02-11 14:11:13] SELECT * FROM association_vehicule_conducteur
[2019-02-11 14:11:06] SELECT * FROM association_vehicule_conducteur
[2019-02-11 14:10:50] SELECT * FROM association_vehicule_conducteur
[2019-02-11 14:10:37] SELECT * FROM association_vehicule_conducteur
[2019-02-11 14:10:10] SELECT * FROM association_vehicule_conducteur
[2019-02-11 14:05:23] SELECT * FROM association_vehicule_conducteur
[2019-02-11 14:05:09] SELECT * FROM association_vehicule_conducteur
[2019-02-11 14:05:06] SELECT * FROM conducteur
[2019-02-11 14:05:02] SELECT * FROM vehicule
[2019-02-11 14:04:41] SELECT * FROM association_vehicule_conducteur
